<?xml version="1.0" encoding="UTF-8"?>
<!-- Generated by org.testng.reporters.JUnitReportReporter -->
<testsuite hostname="karra" name="sei.DeDupTest" tests="4" failures="0" timestamp="15 Oct 2016 16:26:13 GMT" time="0.067" errors="0">
  <testcase name="testSuccessDeDupSorted" time="0.002" classname="sei.DeDupTest"/>
  <testcase name="testSuccessDeDupOrder" time="0.001" classname="sei.DeDupTest"/>
  <testcase name="testSuccessDeDup" time="0.055" classname="sei.DeDupTest"/>
  <testcase name="testFailureDeDup" time="0.009" classname="sei.DeDupTest"/>
</testsuite> <!-- sei.DeDupTest -->
